# JRE version: OpenJDK Runtime Environment Temurin-17.0.1+12 (17.0.1+12) (build 17.0.1+12)
# Java VM: OpenJDK 64-Bit Server VM Temurin-17.0.1+12 (17.0.1+12, mixed mode, sharing, tiered, compressed oops, compressed class ptrs, g1 gc, windows-amd64)
GC Precious Log:
 CPUs: 12 total, 12 available
 Memory: 15709M
 Large Page Support: Disabled
 NUMA Support: Disabled
 Compressed Oops: Enabled (32-bit)
 Heap Region Size: 1M
 Heap Min Capacity: 8M
 Heap Initial Capacity: 246M
 Heap Max Capacity: 1G
 Pre-touch: Disabled
 Parallel Workers: 10
 Concurrent Workers: 3
 Concurrent Refinement Workers: 10
 Periodic GC: Disabled
Heap:
 garbage-first heap   total 296960K, used 176122K [0x00000000c0000000, 0x0000000100000000)
  region size 1024K, 93 young (95232K), 0 survivors (0K)
 Metaspace       used 77136K, committed 77824K, reserved 1122304K
  class space    used 10328K, committed 10688K, reserved 1048576K
GC Heap History (20 events):
Event: 124.836 GC heap before
{Heap before GC invocations=27 (full 1):
 garbage-first heap   total 181248K, used 112316K [0x00000000c0000000, 0x0000000100000000)
  region size 1024K, 24 young (24576K), 5 survivors (5120K)
 Metaspace       used 63060K, committed 63680K, reserved 1105920K
  class space    used 8585K, committed 8896K, reserved 1048576K
}
Event: 124.839 GC heap after
{Heap after GC invocations=28 (full 1):
 garbage-first heap   total 181248K, used 96581K [0x00000000c0000000, 0x0000000100000000)
  region size 1024K, 3 young (3072K), 3 survivors (3072K)
 Metaspace       used 63060K, committed 63680K, reserved 1105920K
  class space    used 8585K, committed 8896K, reserved 1048576K
}
Event: 124.964 GC heap before
{Heap before GC invocations=28 (full 1):
 garbage-first heap   total 181248K, used 100677K [0x00000000c0000000, 0x0000000100000000)
  region size 1024K, 8 young (8192K), 3 survivors (3072K)
 Metaspace       used 63300K, committed 64000K, reserved 1105920K
  class space    used 8615K, committed 8960K, reserved 1048576K
}
Event: 124.966 GC heap after
{Heap after GC invocations=29 (full 1):
 garbage-first heap   total 181248K, used 97701K [0x00000000c0000000, 0x0000000100000000)
  region size 1024K, 1 young (1024K), 1 survivors (1024K)
 Metaspace       used 63300K, committed 64000K, reserved 1105920K
  class space    used 8615K, committed 8960K, reserved 1048576K
}
Event: 124.971 GC heap before
{Heap before GC invocations=29 (full 1):
 garbage-first heap   total 181248K, used 97701K [0x00000000c0000000, 0x0000000100000000)
  region size 1024K, 3 young (3072K), 1 survivors (1024K)
 Metaspace       used 63300K, committed 64000K, reserved 1105920K
  class space    used 8615K, committed 8960K, reserved 1048576K
}
Event: 124.972 GC heap after
{Heap after GC invocations=30 (full 1):
 garbage-first heap   total 181248K, used 97334K [0x00000000c0000000, 0x0000000100000000)
  region size 1024K, 1 young (1024K), 1 survivors (1024K)
 Metaspace       used 63300K, committed 64000K, reserved 1105920K
  class space    used 8615K, committed 8960K, reserved 1048576K
}
Event: 125.491 GC heap before
{Heap before GC invocations=31 (full 1):
 garbage-first heap   total 196608K, used 151606K [0x00000000c0000000, 0x0000000100000000)
  region size 1024K, 41 young (41984K), 1 survivors (1024K)
 Metaspace       used 68740K, committed 69376K, reserved 1114112K
  class space    used 9275K, committed 9600K, reserved 1048576K
}
Event: 125.495 GC heap after
{Heap after GC invocations=32 (full 1):
 garbage-first heap   total 196608K, used 117902K [0x00000000c0000000, 0x0000000100000000)
  region size 1024K, 6 young (6144K), 6 survivors (6144K)
 Metaspace       used 68740K, committed 69376K, reserved 1114112K
  class space    used 9275K, committed 9600K, reserved 1048576K
}
Event: 125.504 GC heap before
{Heap before GC invocations=32 (full 1):
 garbage-first heap   total 196608K, used 119950K [0x00000000c0000000, 0x0000000100000000)
  region size 1024K, 9 young (9216K), 6 survivors (6144K)
 Metaspace       used 68742K, committed 69376K, reserved 1114112K
  class space    used 9275K, committed 9600K, reserved 1048576K
}
Event: 125.512 GC heap after
{Heap after GC invocations=33 (full 1):
 garbage-first heap   total 196608K, used 109247K [0x00000000c0000000, 0x0000000100000000)
  region size 1024K, 1 young (1024K), 1 survivors (1024K)
 Metaspace       used 68742K, committed 69376K, reserved 1114112K
  class space    used 9275K, committed 9600K, reserved 1048576K
}
Event: 125.608 GC heap before
{Heap before GC invocations=33 (full 1):
 garbage-first heap   total 196608K, used 120511K [0x00000000c0000000, 0x0000000100000000)
  region size 1024K, 9 young (9216K), 1 survivors (1024K)
 Metaspace       used 68752K, committed 69376K, reserved 1114112K
  class space    used 9275K, committed 9600K, reserved 1048576K
}
Event: 125.613 GC heap after
{Heap after GC invocations=34 (full 1):
 garbage-first heap   total 196608K, used 114872K [0x00000000c0000000, 0x0000000100000000)
  region size 1024K, 2 young (2048K), 2 survivors (2048K)
 Metaspace       used 68752K, committed 69376K, reserved 1114112K
  class space    used 9275K, committed 9600K, reserved 1048576K
}
Event: 125.936 GC heap before
{Heap before GC invocations=34 (full 1):
 garbage-first heap   total 196608K, used 151736K [0x00000000c0000000, 0x0000000100000000)
  region size 1024K, 36 young (36864K), 2 survivors (2048K)
 Metaspace       used 68754K, committed 69376K, reserved 1114112K
  class space    used 9275K, committed 9600K, reserved 1048576K
}
Event: 125.938 GC heap after
{Heap after GC invocations=35 (full 1):
 garbage-first heap   total 382976K, used 123421K [0x00000000c0000000, 0x0000000100000000)
  region size 1024K, 5 young (5120K), 5 survivors (5120K)
 Metaspace       used 68754K, committed 69376K, reserved 1114112K
  class space    used 9275K, committed 9600K, reserved 1048576K
}
Event: 126.575 GC heap before
{Heap before GC invocations=35 (full 1):
 garbage-first heap   total 382976K, used 287261K [0x00000000c0000000, 0x0000000100000000)
  region size 1024K, 165 young (168960K), 5 survivors (5120K)
 Metaspace       used 71492K, committed 72192K, reserved 1114112K
  class space    used 9595K, committed 9920K, reserved 1048576K
}
Event: 126.598 GC heap after
{Heap after GC invocations=36 (full 1):
 garbage-first heap   total 382976K, used 175911K [0x00000000c0000000, 0x0000000100000000)
  region size 1024K, 21 young (21504K), 21 survivors (21504K)
 Metaspace       used 71492K, committed 72192K, reserved 1114112K
  class space    used 9595K, committed 9920K, reserved 1048576K
}
Event: 127.472 GC heap before
{Heap before GC invocations=36 (full 1):
 garbage-first heap   total 382976K, used 279335K [0x00000000c0000000, 0x0000000100000000)
  region size 1024K, 122 young (124928K), 21 survivors (21504K)
 Metaspace       used 74204K, committed 74880K, reserved 1114112K
  class space    used 9896K, committed 10176K, reserved 1048576K
}
Event: 127.486 GC heap after
{Heap after GC invocations=37 (full 1):
 garbage-first heap   total 382976K, used 189759K [0x00000000c0000000, 0x0000000100000000)
  region size 1024K, 16 young (16384K), 16 survivors (16384K)
 Metaspace       used 74204K, committed 74880K, reserved 1114112K
  class space    used 9896K, committed 10176K, reserved 1048576K
}
Event: 139.876 GC heap before
{Heap before GC invocations=37 (full 1):
 garbage-first heap   total 382976K, used 260415K [0x00000000c0000000, 0x0000000100000000)
  region size 1024K, 85 young (87040K), 16 survivors (16384K)
 Metaspace       used 78548K, committed 79168K, reserved 1122304K
  class space    used 10542K, committed 10816K, reserved 1048576K
}
Event: 139.951 GC heap after
{Heap after GC invocations=38 (full 2):
 garbage-first heap   total 296960K, used 82938K [0x00000000c0000000, 0x0000000100000000)
  region size 1024K, 0 young (0K), 0 survivors (0K)
 Metaspace       used 76668K, committed 77696K, reserved 1122304K
  class space    used 10307K, committed 10688K, reserved 1048576K
}

