# JRE version: OpenJDK Runtime Environment Temurin-17.0.1+12 (17.0.1+12) (build 17.0.1+12)
# Java VM: OpenJDK 64-Bit Server VM Temurin-17.0.1+12 (17.0.1+12, mixed mode, sharing, tiered, compressed oops, compressed class ptrs, g1 gc, windows-amd64)
GC Precious Log:
 CPUs: 12 total, 12 available
 Memory: 15709M
 Large Page Support: Disabled
 NUMA Support: Disabled
 Compressed Oops: Enabled (32-bit)
 Heap Region Size: 1M
 Heap Min Capacity: 8M
 Heap Initial Capacity: 246M
 Heap Max Capacity: 1G
 Pre-touch: Disabled
 Parallel Workers: 10
 Concurrent Workers: 3
 Concurrent Refinement Workers: 10
 Periodic GC: Disabled
Heap:
 garbage-first heap   total 307200K, used 179691K [0x00000000c0000000, 0x0000000100000000)
  region size 1024K, 93 young (95232K), 0 survivors (0K)
 Metaspace       used 82796K, committed 83456K, reserved 1122304K
  class space    used 11068K, committed 11392K, reserved 1048576K
GC Heap History (20 events):
Event: 8.831 GC heap before
{Heap before GC invocations=38 (full 0):
 garbage-first heap   total 136192K, used 106795K [0x00000000c0000000, 0x0000000100000000)
  region size 1024K, 15 young (15360K), 3 survivors (3072K)
 Metaspace       used 66976K, committed 67520K, reserved 1114112K
  class space    used 9138K, committed 9408K, reserved 1048576K
}
Event: 8.836 GC heap after
{Heap after GC invocations=39 (full 0):
 garbage-first heap   total 301056K, used 97701K [0x00000000c0000000, 0x0000000100000000)
  region size 1024K, 2 young (2048K), 2 survivors (2048K)
 Metaspace       used 66976K, committed 67520K, reserved 1114112K
  class space    used 9138K, committed 9408K, reserved 1048576K
}
Event: 9.824 GC heap before
{Heap before GC invocations=40 (full 0):
 garbage-first heap   total 301056K, used 203173K [0x00000000c0000000, 0x0000000100000000)
  region size 1024K, 88 young (90112K), 2 survivors (2048K)
 Metaspace       used 72608K, committed 73216K, reserved 1114112K
  class space    used 9822K, committed 10112K, reserved 1048576K
}
Event: 9.834 GC heap after
{Heap after GC invocations=41 (full 0):
 garbage-first heap   total 301056K, used 131072K [0x00000000c0000000, 0x0000000100000000)
  region size 1024K, 11 young (11264K), 11 survivors (11264K)
 Metaspace       used 72608K, committed 73216K, reserved 1114112K
  class space    used 9822K, committed 10112K, reserved 1048576K
}
Event: 9.874 GC heap before
{Heap before GC invocations=41 (full 0):
 garbage-first heap   total 301056K, used 134144K [0x00000000c0000000, 0x0000000100000000)
  region size 1024K, 14 young (14336K), 11 survivors (11264K)
 Metaspace       used 72807K, committed 73472K, reserved 1114112K
  class space    used 9845K, committed 10176K, reserved 1048576K
}
Event: 9.881 GC heap after
{Heap after GC invocations=42 (full 0):
 garbage-first heap   total 301056K, used 130091K [0x00000000c0000000, 0x0000000100000000)
  region size 1024K, 2 young (2048K), 2 survivors (2048K)
 Metaspace       used 72807K, committed 73472K, reserved 1114112K
  class space    used 9845K, committed 10176K, reserved 1048576K
}
Event: 10.368 GC heap before
{Heap before GC invocations=42 (full 0):
 garbage-first heap   total 301056K, used 203819K [0x00000000c0000000, 0x0000000100000000)
  region size 1024K, 74 young (75776K), 2 survivors (2048K)
 Metaspace       used 75179K, committed 75776K, reserved 1122304K
  class space    used 10115K, committed 10432K, reserved 1048576K
}
Event: 10.381 GC heap after
{Heap after GC invocations=43 (full 0):
 garbage-first heap   total 301056K, used 162487K [0x00000000c0000000, 0x0000000100000000)
  region size 1024K, 10 young (10240K), 10 survivors (10240K)
 Metaspace       used 75179K, committed 75776K, reserved 1122304K
  class space    used 10115K, committed 10432K, reserved 1048576K
}
Event: 10.450 GC heap before
{Heap before GC invocations=43 (full 0):
 garbage-first heap   total 301056K, used 213687K [0x00000000c0000000, 0x0000000100000000)
  region size 1024K, 60 young (61440K), 10 survivors (10240K)
 Metaspace       used 75209K, committed 75840K, reserved 1122304K
  class space    used 10117K, committed 10432K, reserved 1048576K
}
Event: 10.465 GC heap after
{Heap after GC invocations=44 (full 0):
 garbage-first heap   total 301056K, used 179962K [0x00000000c0000000, 0x0000000100000000)
  region size 1024K, 8 young (8192K), 8 survivors (8192K)
 Metaspace       used 75209K, committed 75840K, reserved 1122304K
  class space    used 10117K, committed 10432K, reserved 1048576K
}
Event: 10.532 GC heap before
{Heap before GC invocations=44 (full 0):
 garbage-first heap   total 301056K, used 223994K [0x00000000c0000000, 0x0000000100000000)
  region size 1024K, 51 young (52224K), 8 survivors (8192K)
 Metaspace       used 75209K, committed 75840K, reserved 1122304K
  class space    used 10117K, committed 10432K, reserved 1048576K
}
Event: 10.540 GC heap after
{Heap after GC invocations=45 (full 0):
 garbage-first heap   total 301056K, used 188103K [0x00000000c0000000, 0x0000000100000000)
  region size 1024K, 6 young (6144K), 6 survivors (6144K)
 Metaspace       used 75209K, committed 75840K, reserved 1122304K
  class space    used 10117K, committed 10432K, reserved 1048576K
}
Event: 10.605 GC heap before
{Heap before GC invocations=45 (full 0):
 garbage-first heap   total 301056K, used 231111K [0x00000000c0000000, 0x0000000100000000)
  region size 1024K, 48 young (49152K), 6 survivors (6144K)
 Metaspace       used 75217K, committed 75840K, reserved 1122304K
  class space    used 10117K, committed 10432K, reserved 1048576K
}
Event: 10.615 GC heap after
{Heap after GC invocations=46 (full 0):
 garbage-first heap   total 301056K, used 193794K [0x00000000c0000000, 0x0000000100000000)
  region size 1024K, 6 young (6144K), 6 survivors (6144K)
 Metaspace       used 75217K, committed 75840K, reserved 1122304K
  class space    used 10117K, committed 10432K, reserved 1048576K
}
Event: 11.100 GC heap before
{Heap before GC invocations=46 (full 0):
 garbage-first heap   total 301056K, used 236802K [0x00000000c0000000, 0x0000000100000000)
  region size 1024K, 48 young (49152K), 6 survivors (6144K)
 Metaspace       used 77485K, committed 78144K, reserved 1122304K
  class space    used 10378K, committed 10688K, reserved 1048576K
}
Event: 11.106 GC heap after
{Heap after GC invocations=47 (full 0):
 garbage-first heap   total 450560K, used 198527K [0x00000000c0000000, 0x0000000100000000)
  region size 1024K, 5 young (5120K), 5 survivors (5120K)
 Metaspace       used 77485K, committed 78144K, reserved 1122304K
  class space    used 10378K, committed 10688K, reserved 1048576K
}
Event: 12.980 GC heap before
{Heap before GC invocations=47 (full 0):
 garbage-first heap   total 450560K, used 319359K [0x00000000c0000000, 0x0000000100000000)
  region size 1024K, 122 young (124928K), 5 survivors (5120K)
 Metaspace       used 82842K, committed 83520K, reserved 1122304K
  class space    used 11136K, committed 11456K, reserved 1048576K
}
Event: 12.992 GC heap after
{Heap after GC invocations=48 (full 0):
 garbage-first heap   total 450560K, used 214713K [0x00000000c0000000, 0x0000000100000000)
  region size 1024K, 16 young (16384K), 16 survivors (16384K)
 Metaspace       used 82842K, committed 83520K, reserved 1122304K
  class space    used 11136K, committed 11456K, reserved 1048576K
}
Event: 28.459 GC heap before
{Heap before GC invocations=48 (full 0):
 garbage-first heap   total 450560K, used 279225K [0x00000000c0000000, 0x0000000100000000)
  region size 1024K, 81 young (82944K), 16 survivors (16384K)
 Metaspace       used 83379K, committed 84032K, reserved 1122304K
  class space    used 11205K, committed 11520K, reserved 1048576K
}
Event: 28.512 GC heap after
{Heap after GC invocations=49 (full 1):
 garbage-first heap   total 307200K, used 86507K [0x00000000c0000000, 0x0000000100000000)
  region size 1024K, 0 young (0K), 0 survivors (0K)
 Metaspace       used 81499K, committed 82560K, reserved 1122304K
  class space    used 10970K, committed 11328K, reserved 1048576K
}

